2023-04-26 10:45:07.443  INFO 15500 --- [main] in.stackroute.ust.Main                   : Starting Main using Java 17.0.1 on H248LTRV with PID 15500 (C:\Users\233693\ust\todo-rest-api-with-jpa\target\classes started by 233693 in C:\Users\233693\ust\todo-rest-api-with-jpa)
2023-04-26 10:45:07.457  INFO 15500 --- [main] in.stackroute.ust.Main                   : No active profile set, falling back to 1 default profile: "default"
2023-04-26 10:45:08.894  INFO 15500 --- [main] .s.d.r.c.RepositoryConfigurationDelegate : Bootstrapping Spring Data JPA repositories in DEFAULT mode.
2023-04-26 10:45:08.968  INFO 15500 --- [main] .s.d.r.c.RepositoryConfigurationDelegate : Finished Spring Data repository scanning in 61 ms. Found 1 JPA repository interfaces.
2023-04-26 10:45:10.010  INFO 15500 --- [main] o.s.b.w.embedded.tomcat.TomcatWebServer  : Tomcat initialized with port(s): 8080 (http)
2023-04-26 10:45:10.026  INFO 15500 --- [main] o.apache.catalina.core.StandardService   : Starting service [Tomcat]
2023-04-26 10:45:10.026  INFO 15500 --- [main] org.apache.catalina.core.StandardEngine  : Starting Servlet engine: [Apache Tomcat/9.0.73]
2023-04-26 10:45:10.242  INFO 15500 --- [main] o.a.c.c.C.[Tomcat].[localhost].[/]       : Initializing Spring embedded WebApplicationContext
2023-04-26 10:45:10.244  INFO 15500 --- [main] w.s.c.ServletWebServerApplicationContext : Root WebApplicationContext: initialization completed in 2717 ms
2023-04-26 10:45:10.292  INFO 15500 --- [main] com.zaxxer.hikari.HikariDataSource       : HikariPool-1 - Starting...
2023-04-26 10:45:10.590  INFO 15500 --- [main] com.zaxxer.hikari.HikariDataSource       : HikariPool-1 - Start completed.
2023-04-26 10:45:10.609  INFO 15500 --- [main] o.s.b.a.h2.H2ConsoleAutoConfiguration    : H2 console available at '/h2'. Database available at 'jdbc:h2:mem:todos'
2023-04-26 10:45:11.095  INFO 15500 --- [main] o.hibernate.jpa.internal.util.LogHelper  : HHH000204: Processing PersistenceUnitInfo [name: default]
2023-04-26 10:45:11.229  INFO 15500 --- [main] org.hibernate.Version                    : HHH000412: Hibernate ORM core version 5.6.15.Final
2023-04-26 10:45:11.533  INFO 15500 --- [main] o.hibernate.annotations.common.Version   : HCANN000001: Hibernate Commons Annotations {5.1.2.Final}
2023-04-26 10:45:11.679  INFO 15500 --- [main] org.hibernate.dialect.Dialect            : HHH000400: Using dialect: org.hibernate.dialect.H2Dialect
2023-04-26 10:45:12.423  INFO 15500 --- [main] o.h.e.t.j.p.i.JtaPlatformInitiator       : HHH000490: Using JtaPlatform implementation: [org.hibernate.engine.transaction.jta.platform.internal.NoJtaPlatform]
2023-04-26 10:45:12.439  INFO 15500 --- [main] j.LocalContainerEntityManagerFactoryBean : Initialized JPA EntityManagerFactory for persistence unit 'default'
2023-04-26 10:45:13.013  WARN 15500 --- [main] JpaBaseConfiguration$JpaWebConfiguration : spring.jpa.open-in-view is enabled by default. Therefore, database queries may be performed during view rendering. Explicitly configure spring.jpa.open-in-view to disable this warning
2023-04-26 10:45:13.892  INFO 15500 --- [main] o.s.b.w.embedded.tomcat.TomcatWebServer  : Tomcat started on port(s): 8080 (http) with context path ''
2023-04-26 10:45:13.921  INFO 15500 --- [main] in.stackroute.ust.Main                   : Started Main in 7.369 seconds (JVM running for 7.923)
2023-04-26 10:45:56.825  INFO 15500 --- [http-nio-8080-exec-2] o.a.c.c.C.[Tomcat].[localhost].[/]       : Initializing Spring DispatcherServlet 'dispatcherServlet'
2023-04-26 10:45:56.825  INFO 15500 --- [http-nio-8080-exec-2] o.s.web.servlet.DispatcherServlet        : Initializing Servlet 'dispatcherServlet'
2023-04-26 10:45:56.828  INFO 15500 --- [http-nio-8080-exec-2] o.s.web.servlet.DispatcherServlet        : Completed initialization in 2 ms
2023-04-26 10:47:31.734  INFO 12568 --- [main] in.stackroute.ust.Main                   : Starting Main using Java 17.0.1 on H248LTRV with PID 12568 (C:\Users\233693\ust\todo-rest-api-with-jpa\target\classes started by 233693 in C:\Users\233693\ust\todo-rest-api-with-jpa)
2023-04-26 10:47:31.738  INFO 12568 --- [main] in.stackroute.ust.Main                   : No active profile set, falling back to 1 default profile: "default"
2023-04-26 10:47:32.793  INFO 12568 --- [main] .s.d.r.c.RepositoryConfigurationDelegate : Bootstrapping Spring Data JPA repositories in DEFAULT mode.
2023-04-26 10:47:32.890  INFO 12568 --- [main] .s.d.r.c.RepositoryConfigurationDelegate : Finished Spring Data repository scanning in 80 ms. Found 1 JPA repository interfaces.
2023-04-26 10:47:34.020  INFO 12568 --- [main] o.s.b.w.embedded.tomcat.TomcatWebServer  : Tomcat initialized with port(s): 8080 (http)
2023-04-26 10:47:34.038  INFO 12568 --- [main] o.apache.catalina.core.StandardService   : Starting service [Tomcat]
2023-04-26 10:47:34.039  INFO 12568 --- [main] org.apache.catalina.core.StandardEngine  : Starting Servlet engine: [Apache Tomcat/9.0.73]
2023-04-26 10:47:34.273  INFO 12568 --- [main] o.a.c.c.C.[Tomcat].[localhost].[/api]    : Initializing Spring embedded WebApplicationContext
2023-04-26 10:47:34.274  INFO 12568 --- [main] w.s.c.ServletWebServerApplicationContext : Root WebApplicationContext: initialization completed in 2472 ms
2023-04-26 10:47:34.309  INFO 12568 --- [main] com.zaxxer.hikari.HikariDataSource       : HikariPool-1 - Starting...
2023-04-26 10:47:34.719  INFO 12568 --- [main] com.zaxxer.hikari.HikariDataSource       : HikariPool-1 - Start completed.
2023-04-26 10:47:34.735  INFO 12568 --- [main] o.s.b.a.h2.H2ConsoleAutoConfiguration    : H2 console available at '/h2'. Database available at 'jdbc:h2:mem:todos'
2023-04-26 10:47:34.924  INFO 12568 --- [main] o.hibernate.jpa.internal.util.LogHelper  : HHH000204: Processing PersistenceUnitInfo [name: default]
2023-04-26 10:47:34.991  INFO 12568 --- [main] org.hibernate.Version                    : HHH000412: Hibernate ORM core version 5.6.15.Final
2023-04-26 10:47:35.211  INFO 12568 --- [main] o.hibernate.annotations.common.Version   : HCANN000001: Hibernate Commons Annotations {5.1.2.Final}
2023-04-26 10:47:35.352  INFO 12568 --- [main] org.hibernate.dialect.Dialect            : HHH000400: Using dialect: org.hibernate.dialect.H2Dialect
2023-04-26 10:47:36.198  INFO 12568 --- [main] o.h.e.t.j.p.i.JtaPlatformInitiator       : HHH000490: Using JtaPlatform implementation: [org.hibernate.engine.transaction.jta.platform.internal.NoJtaPlatform]
2023-04-26 10:47:36.211  INFO 12568 --- [main] j.LocalContainerEntityManagerFactoryBean : Initialized JPA EntityManagerFactory for persistence unit 'default'
2023-04-26 10:47:36.734  WARN 12568 --- [main] JpaBaseConfiguration$JpaWebConfiguration : spring.jpa.open-in-view is enabled by default. Therefore, database queries may be performed during view rendering. Explicitly configure spring.jpa.open-in-view to disable this warning
2023-04-26 10:47:37.518  INFO 12568 --- [main] o.s.b.w.embedded.tomcat.TomcatWebServer  : Tomcat started on port(s): 8080 (http) with context path '/api'
2023-04-26 10:47:37.541  INFO 12568 --- [main] in.stackroute.ust.Main                   : Started Main in 6.834 seconds (JVM running for 7.545)
2023-04-26 10:47:53.490  INFO 12568 --- [http-nio-8080-exec-2] o.a.c.c.C.[Tomcat].[localhost].[/api]    : Initializing Spring DispatcherServlet 'dispatcherServlet'
2023-04-26 10:47:53.491  INFO 12568 --- [http-nio-8080-exec-2] o.s.web.servlet.DispatcherServlet        : Initializing Servlet 'dispatcherServlet'
2023-04-26 10:47:53.492  INFO 12568 --- [http-nio-8080-exec-2] o.s.web.servlet.DispatcherServlet        : Completed initialization in 1 ms
2023-04-26 10:48:08.132  INFO 12568 --- [http-nio-8080-exec-10] o.springdoc.api.AbstractOpenApiResource  : Init duration for springdoc-openapi is: 497 ms
2023-04-26 11:33:11.569  WARN 12568 --- [HikariPool-1 housekeeper] com.zaxxer.hikari.pool.HikariPool        : HikariPool-1 - Thread starvation or clock leap detected (housekeeper delta=13m32s728ms497탎400ns).
2023-04-26 12:38:02.236  WARN 12568 --- [HikariPool-1 housekeeper] com.zaxxer.hikari.pool.HikariPool        : HikariPool-1 - Thread starvation or clock leap detected (housekeeper delta=5m49s677ms8탎600ns).
2023-04-26 14:02:39.135  WARN 12568 --- [HikariPool-1 housekeeper] com.zaxxer.hikari.pool.HikariPool        : HikariPool-1 - Thread starvation or clock leap detected (housekeeper delta=56m36s438ms989탎400ns).
2023-04-26 14:16:57.665  WARN 12568 --- [HikariPool-1 housekeeper] com.zaxxer.hikari.pool.HikariPool        : HikariPool-1 - Thread starvation or clock leap detected (housekeeper delta=10m18s461ms170탎600ns).
2023-04-26 15:42:49.060  WARN 12568 --- [HikariPool-1 housekeeper] com.zaxxer.hikari.pool.HikariPool        : HikariPool-1 - Thread starvation or clock leap detected (housekeeper delta=4m50s180ms340탎600ns).
2023-04-26 16:28:52.143  WARN 12568 --- [HikariPool-1 housekeeper] com.zaxxer.hikari.pool.HikariPool        : HikariPool-1 - Thread starvation or clock leap detected (housekeeper delta=13m32s600ms662탎300ns).
